
Creating new Node 

[2J[1;1H


Pcap file stats
	| received | accepted | filtered | dropped | captured | error |
	| 0	| 45	| 0	| 0	| 0	| 0	|
Total packts = 97
Total packetlen = 46434
Avergae Packet size = 59KB
Total number of nodes =2

Node 1 :00:1b:17:00:01:11
Total_protocols = 2


Protocol : TCP

Tcp layer Metrics

STARTTIME: 1458635201	ENDTIME: 1458635231
Tcp packet total count = 40
Total Ipv4 packets = 40
Total Ipv6 packets = 0
Tcp data usage = 0MB
Number of distincted sessions 0
BandWidth usage 0Mbps
Total Uplink data = 0MB
Total Downlink data = 0MB
Splunk 2016-03-22  13:56:41 node=0 Mac=00:1b:17:00:01:11 Layer=0 TransPotocol=TCP Total_pkt=40 Total_Datalen=0 BandWidth=0 Total_Uplink=0 Total_DoLink=0 Ipv4=40 Ipv6=0
Splunk 2016-03-22  13:56:41 node=0 Mac=00:1b:17:00:01:11 Layer=0 TransPotocol=TCP AppLayer=HTTP Total_pkt=6 Total_Datalen=0
Splunk 2016-03-22  13:56:41 node=0 Mac=00:1b:17:00:01:11 Layer=0 TransPotocol=TCP AppLayer=SSL Total_pkt=34 Total_Datalen=0

Protocol : UDP

Udp layer Metrics

STARTTIME: 1458635201	ENDTIME: 1458635231
Udp packet total count = 14
Total Ipv4 packets = 14
Total Ipv6 packets = 0
Udp data usage = 0MB
Number of distincted sessions 0
BandWidth usage 0Mbps
Total Uplink data = 0MB
Total Downlink data = 0MB
Splunk 2016-03-22  13:56:41 node=0 Mac=00:1b:17:00:01:11 Layer=0 TransPotocol=UDP Total_pkt=14 Total_Datalen=0 BandWidth=0 Total_Uplink=0 Total_DoLink=0 Ipv4=14 Ipv6=0

Node 2 :34:17:eb:af:09:49
Total_protocols = 2


Protocol : TCP

Tcp layer Metrics

STARTTIME: 1458635201	ENDTIME: 1458635231
Tcp packet total count = 29
Total Ipv4 packets = 29
Total Ipv6 packets = 0
Tcp data usage = 0MB
Number of distincted sessions 0
BandWidth usage 0Mbps
Total Uplink data = 0MB
Total Downlink data = 0MB
Splunk 2016-03-22  13:56:41 node=1 Mac=34:17:eb:af:09:49 Layer=0 TransPotocol=TCP Total_pkt=29 Total_Datalen=0 BandWidth=0 Total_Uplink=0 Total_DoLink=0 Ipv4=29 Ipv6=0
Splunk 2016-03-22  13:56:41 node=1 Mac=34:17:eb:af:09:49 Layer=0 TransPotocol=TCP AppLayer=HTTP Total_pkt=6 Total_Datalen=0
Splunk 2016-03-22  13:56:41 node=1 Mac=34:17:eb:af:09:49 Layer=0 TransPotocol=TCP AppLayer=SSL Total_pkt=23 Total_Datalen=0

Protocol : UDP

Udp layer Metrics

STARTTIME: 1458635201	ENDTIME: 1458635231
Udp packet total count = 14
Total Ipv4 packets = 14
Total Ipv6 packets = 0
Udp data usage = 0MB
Number of distincted sessions 0
BandWidth usage 0Mbps
Total Uplink data = 0MB
Total Downlink data = 0MB
Splunk 2016-03-22  13:56:41 node=1 Mac=34:17:eb:af:09:49 Layer=0 TransPotocol=UDP Total_pkt=14 Total_Datalen=0 BandWidth=0 Total_Uplink=0 Total_DoLink=0 Ipv4=14 Ipv6=0
User plane traffic 


Creating new Node 

[2J[1;1H


Pcap file stats
	| received | accepted | filtered | dropped | captured | error |
	| 0	| 41	| 0	| 0	| 0	| 0	|
Total packts = 2237
Total packetlen = 1349559
Avergae Packet size = 75KB
Total number of nodes =2

Node 1 :00:1b:17:00:01:11
Total_protocols = 2


Protocol : TCP

Tcp layer Metrics

STARTTIME: 1458635232	ENDTIME: 1458635262
Tcp packet total count = 1063
Total Ipv4 packets = 1063
Total Ipv6 packets = 0
Tcp data usage = 1MB
Number of distincted sessions 0
BandWidth usage 0Mbps
Total Uplink data = 1MB
Total Downlink data = 0MB
Splunk 2016-03-22  13:57:12 node=0 Mac=00:1b:17:00:01:11 Layer=0 TransPotocol=TCP Total_pkt=1063 Total_Datalen=1 BandWidth=0 Total_Uplink=1 Total_DoLink=0 Ipv4=1063 Ipv6=0
Splunk 2016-03-22  13:57:12 node=0 Mac=00:1b:17:00:01:11 Layer=0 TransPotocol=TCP AppLayer=HTTP Total_pkt=12 Total_Datalen=0
Splunk 2016-03-22  13:57:12 node=0 Mac=00:1b:17:00:01:11 Layer=0 TransPotocol=TCP AppLayer=SSL Total_pkt=930 Total_Datalen=1
Splunk 2016-03-22  13:57:12 node=0 Mac=00:1b:17:00:01:11 Layer=0 TransPotocol=TCP AppLayer=Google Total_pkt=121 Total_Datalen=0

Protocol : UDP

Udp layer Metrics

STARTTIME: 1458635232	ENDTIME: 1458635262
Udp packet total count = 136
Total Ipv4 packets = 136
Total Ipv6 packets = 0
Udp data usage = 0MB
Number of distincted sessions 0
BandWidth usage 0Mbps
Total Uplink data = 0MB
Total Downlink data = 0MB
Splunk 2016-03-22  13:57:12 node=0 Mac=00:1b:17:00:01:11 Layer=0 TransPotocol=UDP Total_pkt=136 Total_Datalen=0 BandWidth=0 Total_Uplink=0 Total_DoLink=0 Ipv4=136 Ipv6=0

Node 2 :34:17:eb:af:09:49
Total_protocols = 2


Protocol : TCP

Tcp layer Metrics

STARTTIME: 1458635232	ENDTIME: 1458635262
Tcp packet total count = 901
Total Ipv4 packets = 901
Total Ipv6 packets = 0
Tcp data usage = 0MB
Number of distincted sessions 0
BandWidth usage 0Mbps
Total Uplink data = 0MB
Total Downlink data = 0MB
Splunk 2016-03-22  13:57:12 node=1 Mac=34:17:eb:af:09:49 Layer=0 TransPotocol=TCP Total_pkt=901 Total_Datalen=0 BandWidth=0 Total_Uplink=0 Total_DoLink=0 Ipv4=901 Ipv6=0
Splunk 2016-03-22  13:57:12 node=1 Mac=34:17:eb:af:09:49 Layer=0 TransPotocol=TCP AppLayer=HTTP Total_pkt=12 Total_Datalen=0
Splunk 2016-03-22  13:57:12 node=1 Mac=34:17:eb:af:09:49 Layer=0 TransPotocol=TCP AppLayer=Yahoo Total_pkt=1 Total_Datalen=0
Splunk 2016-03-22  13:57:12 node=1 Mac=34:17:eb:af:09:49 Layer=0 TransPotocol=TCP AppLayer=SSL Total_pkt=786 Total_Datalen=0
Splunk 2016-03-22  13:57:12 node=1 Mac=34:17:eb:af:09:49 Layer=0 TransPotocol=TCP AppLayer=Facebook Total_pkt=2 Total_Datalen=0
Splunk 2016-03-22  13:57:12 node=1 Mac=34:17:eb:af:09:49 Layer=0 TransPotocol=TCP AppLayer=YouTube Total_pkt=1 Total_Datalen=0
Splunk 2016-03-22  13:57:12 node=1 Mac=34:17:eb:af:09:49 Layer=0 TransPotocol=TCP AppLayer=Google Total_pkt=89 Total_Datalen=0
Splunk 2016-03-22  13:57:12 node=1 Mac=34:17:eb:af:09:49 Layer=0 TransPotocol=TCP AppLayer=NetFlix Total_pkt=10 Total_Datalen=0

Protocol : UDP

Udp layer Metrics

STARTTIME: 1458635232	ENDTIME: 1458635262
Udp packet total count = 137
Total Ipv4 packets = 137
Total Ipv6 packets = 0
Udp data usage = 0MB
Number of distincted sessions 0
BandWidth usage 0Mbps
Total Uplink data = 0MB
Total Downlink data = 0MB
Splunk 2016-03-22  13:57:12 node=1 Mac=34:17:eb:af:09:49 Layer=0 TransPotocol=UDP Total_pkt=137 Total_Datalen=0 BandWidth=0 Total_Uplink=0 Total_DoLink=0 Ipv4=137 Ipv6=0
User plane traffic 


Creating new Node 

[2J[1;1H


Pcap file stats
	| received | accepted | filtered | dropped | captured | error |
	| 0	| 2411	| 0	| 0	| 0	| 0	|
Total packts = 5973
Total packetlen = 4801936
Avergae Packet size = 100KB
Total number of nodes =2

Node 1 :00:1b:17:00:01:11
Total_protocols = 2


Protocol : TCP

Tcp layer Metrics

STARTTIME: 1458635263	ENDTIME: 1458635293
Tcp packet total count = 3271
Total Ipv4 packets = 3271
Total Ipv6 packets = 0
Tcp data usage = 4MB
Number of distincted sessions 0
BandWidth usage 1Mbps
Total Uplink data = 4MB
Total Downlink data = 0MB
Splunk 2016-03-22  13:57:43 node=0 Mac=00:1b:17:00:01:11 Layer=0 TransPotocol=TCP Total_pkt=3271 Total_Datalen=4 BandWidth=1 Total_Uplink=4 Total_DoLink=0 Ipv4=3271 Ipv6=0
Splunk 2016-03-22  13:57:43 node=0 Mac=00:1b:17:00:01:11 Layer=0 TransPotocol=TCP AppLayer=HTTP Total_pkt=25 Total_Datalen=0
Splunk 2016-03-22  13:57:43 node=0 Mac=00:1b:17:00:01:11 Layer=0 TransPotocol=TCP AppLayer=SSL Total_pkt=1057 Total_Datalen=1
Splunk 2016-03-22  13:57:43 node=0 Mac=00:1b:17:00:01:11 Layer=0 TransPotocol=TCP AppLayer=Google Total_pkt=2189 Total_Datalen=3

Protocol : UDP

Udp layer Metrics

STARTTIME: 1458635263	ENDTIME: 1458635293
Udp packet total count = 155
Total Ipv4 packets = 155
Total Ipv6 packets = 0
Udp data usage = 0MB
Number of distincted sessions 0
BandWidth usage 0Mbps
Total Uplink data = 0MB
Total Downlink data = 0MB
Splunk 2016-03-22  13:57:43 node=0 Mac=00:1b:17:00:01:11 Layer=0 TransPotocol=UDP Total_pkt=155 Total_Datalen=0 BandWidth=0 Total_Uplink=0 Total_DoLink=0 Ipv4=155 Ipv6=0

	Lte Metrics 


STARTTIME: 1458635263	ENDTIME: 1458635293
	 total GTP packets :1
	 total length of gtp packet : 65408
	 Avergae Packet size = 8176KB
	 Lte Bandwidth usage 0 Mbps
	 Total control plane packets: 1
	 Total G-PDU packets: 0
	 Total control plane datalen: 65408
	 Total G-PDU datalen: 0
	 Total gtp-u with error code: 0
	 Gtpu message type slipt up 
	Create_PDP_Context_Request : 0
	Create_PDP_Context_Response : 0
	Update_PDP_Context_Request : 0
	Update_PDP_Context_Response : 0
	Delete_PDP_Context_Request : 0
	Delete_PDP_Context_Response : 1
	Error_Indication : 0
	G-PDU : 0
Splunk 2016-03-22  13:57:43 node=0 Mac=00:1b:17:00:01:11 Layer=0 TransPotocol=UDP LteProtocol=GTP  Total_pkt=1 Total_Datalen=0 BandWidth=0 Total_Uplink=0 Total_DoLink=0 Create_PDP_Context_Request=0 Create_PDP_Context_Response=0 Update_PDP_Context_Request=0 Update_PDP_Context_Response=0 Delete_PDP_Context_Request=0 Delete_PDP_Context_Response=1 Error_Indication=0 G-PDU=0

Node 2 :34:17:eb:af:09:49
Total_protocols = 2


Protocol : TCP

Tcp layer Metrics

STARTTIME: 1458635263	ENDTIME: 1458635293
Tcp packet total count = 2393
Total Ipv4 packets = 2393
Total Ipv6 packets = 0
Tcp data usage = 0MB
Number of distincted sessions 0
BandWidth usage 0Mbps
Total Uplink data = 0MB
Total Downlink data = 0MB
Splunk 2016-03-22  13:57:43 node=1 Mac=34:17:eb:af:09:49 Layer=0 TransPotocol=TCP Total_pkt=2393 Total_Datalen=0 BandWidth=0 Total_Uplink=0 Total_DoLink=0 Ipv4=2393 Ipv6=0
Splunk 2016-03-22  13:57:43 node=1 Mac=34:17:eb:af:09:49 Layer=0 TransPotocol=TCP AppLayer=HTTP Total_pkt=25 Total_Datalen=0
Splunk 2016-03-22  13:57:43 node=1 Mac=34:17:eb:af:09:49 Layer=0 TransPotocol=TCP AppLayer=Yahoo Total_pkt=1 Total_Datalen=0
Splunk 2016-03-22  13:57:43 node=1 Mac=34:17:eb:af:09:49 Layer=0 TransPotocol=TCP AppLayer=SSL Total_pkt=858 Total_Datalen=0
Splunk 2016-03-22  13:57:43 node=1 Mac=34:17:eb:af:09:49 Layer=0 TransPotocol=TCP AppLayer=YouTube Total_pkt=1 Total_Datalen=0
Splunk 2016-03-22  13:57:43 node=1 Mac=34:17:eb:af:09:49 Layer=0 TransPotocol=TCP AppLayer=Google Total_pkt=1508 Total_Datalen=0

Protocol : UDP

Udp layer Metrics

STARTTIME: 1458635263	ENDTIME: 1458635293
Udp packet total count = 154
Total Ipv4 packets = 154
Total Ipv6 packets = 0
Udp data usage = 0MB
Number of distincted sessions 0
BandWidth usage 0Mbps
Total Uplink data = 0MB
Total Downlink data = 0MB
Splunk 2016-03-22  13:57:43 node=1 Mac=34:17:eb:af:09:49 Layer=0 TransPotocol=UDP Total_pkt=154 Total_Datalen=0 BandWidth=0 Total_Uplink=0 Total_DoLink=0 Ipv4=154 Ipv6=0

	Lte Metrics 


STARTTIME: 1458635263	ENDTIME: 1458635293
	 total GTP packets :1
	 total length of gtp packet : 256
	 Avergae Packet size = 32KB
	 Lte Bandwidth usage 0 Mbps
	 Total control plane packets: 1
	 Total G-PDU packets: 0
	 Total control plane datalen: 256
	 Total G-PDU datalen: 0
	 Total gtp-u with error code: 0
	 Gtpu message type slipt up 
	Create_PDP_Context_Request : 0
	Create_PDP_Context_Response : 0
	Update_PDP_Context_Request : 0
	Update_PDP_Context_Response : 0
	Delete_PDP_Context_Request : 0
	Delete_PDP_Context_Response : 1
	Error_Indication : 0
	G-PDU : 0
Splunk 2016-03-22  13:57:43 node=1 Mac=34:17:eb:af:09:49 Layer=0 TransPotocol=UDP LteProtocol=GTP  Total_pkt=1 Total_Datalen=0 BandWidth=0 Total_Uplink=0 Total_DoLink=0 Create_PDP_Context_Request=0 Create_PDP_Context_Response=0 Update_PDP_Context_Request=0 Update_PDP_Context_Response=0 Delete_PDP_Context_Request=0 Delete_PDP_Context_Response=1 Error_Indication=0 G-PDU=0
User plane traffic 


Creating new Node 

[2J[1;1H


Pcap file stats
	| received | accepted | filtered | dropped | captured | error |
	| 0	| 3077	| 0	| 0	| 0	| 0	|
Total packts = 3184
Total packetlen = 3269810
Avergae Packet size = 128KB
Total number of nodes =2

Node 1 :00:1b:17:00:01:11
Total_protocols = 2


Protocol : TCP

Tcp layer Metrics

STARTTIME: 1458635294	ENDTIME: 1458635324
Tcp packet total count = 1774
Total Ipv4 packets = 1774
Total Ipv6 packets = 0
Tcp data usage = 2MB
Number of distincted sessions 0
BandWidth usage 0Mbps
Total Uplink data = 2MB
Total Downlink data = 0MB
Splunk 2016-03-22  13:58:14 node=0 Mac=00:1b:17:00:01:11 Layer=0 TransPotocol=TCP Total_pkt=1774 Total_Datalen=2 BandWidth=0 Total_Uplink=2 Total_DoLink=0 Ipv4=1774 Ipv6=0
Splunk 2016-03-22  13:58:14 node=0 Mac=00:1b:17:00:01:11 Layer=0 TransPotocol=TCP AppLayer=HTTP Total_pkt=15 Total_Datalen=0
Splunk 2016-03-22  13:58:14 node=0 Mac=00:1b:17:00:01:11 Layer=0 TransPotocol=TCP AppLayer=SSL Total_pkt=206 Total_Datalen=0
Splunk 2016-03-22  13:58:14 node=0 Mac=00:1b:17:00:01:11 Layer=0 TransPotocol=TCP AppLayer=Google Total_pkt=1553 Total_Datalen=2

Protocol : UDP

Udp layer Metrics

STARTTIME: 1458635294	ENDTIME: 1458635324
Udp packet total count = 20
Total Ipv4 packets = 20
Total Ipv6 packets = 0
Udp data usage = 0MB
Number of distincted sessions 0
BandWidth usage 0Mbps
Total Uplink data = 0MB
Total Downlink data = 0MB
Splunk 2016-03-22  13:58:14 node=0 Mac=00:1b:17:00:01:11 Layer=0 TransPotocol=UDP Total_pkt=20 Total_Datalen=0 BandWidth=0 Total_Uplink=0 Total_DoLink=0 Ipv4=20 Ipv6=0

	Lte Metrics 


STARTTIME: 1458635294	ENDTIME: 1458635324
	 total GTP packets :1
	 total length of gtp packet : 65408
	 Avergae Packet size = 8176KB
	 Lte Bandwidth usage 0 Mbps
	 Total control plane packets: 1
	 Total G-PDU packets: 0
	 Total control plane datalen: 65408
	 Total G-PDU datalen: 0
	 Total gtp-u with error code: 0
	 Gtpu message type slipt up 
	Create_PDP_Context_Request : 0
	Create_PDP_Context_Response : 0
	Update_PDP_Context_Request : 1
	Update_PDP_Context_Response : 0
	Delete_PDP_Context_Request : 0
	Delete_PDP_Context_Response : 0
	Error_Indication : 0
	G-PDU : 0
Splunk 2016-03-22  13:58:14 node=0 Mac=00:1b:17:00:01:11 Layer=0 TransPotocol=UDP LteProtocol=GTP  Total_pkt=1 Total_Datalen=0 BandWidth=0 Total_Uplink=0 Total_DoLink=0 Create_PDP_Context_Request=0 Create_PDP_Context_Response=0 Update_PDP_Context_Request=1 Update_PDP_Context_Response=0 Delete_PDP_Context_Request=0 Delete_PDP_Context_Response=0 Error_Indication=0 G-PDU=0

Node 2 :34:17:eb:af:09:49
Total_protocols = 2


Protocol : TCP

Tcp layer Metrics

STARTTIME: 1458635294	ENDTIME: 1458635324
Tcp packet total count = 1370
Total Ipv4 packets = 1370
Total Ipv6 packets = 0
Tcp data usage = 0MB
Number of distincted sessions 0
BandWidth usage 0Mbps
Total Uplink data = 0MB
Total Downlink data = 0MB
Splunk 2016-03-22  13:58:14 node=1 Mac=34:17:eb:af:09:49 Layer=0 TransPotocol=TCP Total_pkt=1370 Total_Datalen=0 BandWidth=0 Total_Uplink=0 Total_DoLink=0 Ipv4=1370 Ipv6=0
Splunk 2016-03-22  13:58:14 node=1 Mac=34:17:eb:af:09:49 Layer=0 TransPotocol=TCP AppLayer=HTTP Total_pkt=15 Total_Datalen=0
Splunk 2016-03-22  13:58:14 node=1 Mac=34:17:eb:af:09:49 Layer=0 TransPotocol=TCP AppLayer=SSL Total_pkt=180 Total_Datalen=0
Splunk 2016-03-22  13:58:14 node=1 Mac=34:17:eb:af:09:49 Layer=0 TransPotocol=TCP AppLayer=Google Total_pkt=1175 Total_Datalen=0

Protocol : UDP

Udp layer Metrics

STARTTIME: 1458635294	ENDTIME: 1458635324
Udp packet total count = 20
Total Ipv4 packets = 20
Total Ipv6 packets = 0
Udp data usage = 0MB
Number of distincted sessions 0
BandWidth usage 0Mbps
Total Uplink data = 0MB
Total Downlink data = 0MB
Splunk 2016-03-22  13:58:14 node=1 Mac=34:17:eb:af:09:49 Layer=0 TransPotocol=UDP Total_pkt=20 Total_Datalen=0 BandWidth=0 Total_Uplink=0 Total_DoLink=0 Ipv4=20 Ipv6=0

	Lte Metrics 


STARTTIME: 1458635294	ENDTIME: 1458635324
	 total GTP packets :1
	 total length of gtp packet : 256
	 Avergae Packet size = 32KB
	 Lte Bandwidth usage 0 Mbps
	 Total control plane packets: 1
	 Total G-PDU packets: 0
	 Total control plane datalen: 256
	 Total G-PDU datalen: 0
	 Total gtp-u with error code: 0
	 Gtpu message type slipt up 
	Create_PDP_Context_Request : 0
	Create_PDP_Context_Response : 0
	Update_PDP_Context_Request : 1
	Update_PDP_Context_Response : 0
	Delete_PDP_Context_Request : 0
	Delete_PDP_Context_Response : 0
	Error_Indication : 0
	G-PDU : 0
Splunk 2016-03-22  13:58:14 node=1 Mac=34:17:eb:af:09:49 Layer=0 TransPotocol=UDP LteProtocol=GTP  Total_pkt=1 Total_Datalen=0 BandWidth=0 Total_Uplink=0 Total_DoLink=0 Create_PDP_Context_Request=0 Create_PDP_Context_Response=0 Update_PDP_Context_Request=1 Update_PDP_Context_Response=0 Delete_PDP_Context_Request=0 Delete_PDP_Context_Response=0 Error_Indication=0 G-PDU=0
User plane traffic 


Creating new Node 

